  baseEnemy.cpp
  Bullet.cpp
  client.cpp
  collision.cpp
D:\Users\Himanshu.Cha8420\Documents\GitHub\networkingGame\spaceInvaders\collision.cpp(106,42): warning C4244: 'argument': conversion from 'T' to 'float', possible loss of data
D:\Users\Himanshu.Cha8420\Documents\GitHub\networkingGame\spaceInvaders\collision.cpp(106,42): warning C4244:         with
D:\Users\Himanshu.Cha8420\Documents\GitHub\networkingGame\spaceInvaders\collision.cpp(106,42): warning C4244:         [
D:\Users\Himanshu.Cha8420\Documents\GitHub\networkingGame\spaceInvaders\collision.cpp(106,42): warning C4244:             T=int
D:\Users\Himanshu.Cha8420\Documents\GitHub\networkingGame\spaceInvaders\collision.cpp(106,42): warning C4244:         ]
D:\Users\Himanshu.Cha8420\Documents\GitHub\networkingGame\spaceInvaders\collision.cpp(107,55): warning C4244: 'argument': conversion from 'T' to 'float', possible loss of data
D:\Users\Himanshu.Cha8420\Documents\GitHub\networkingGame\spaceInvaders\collision.cpp(107,55): warning C4244:         with
D:\Users\Himanshu.Cha8420\Documents\GitHub\networkingGame\spaceInvaders\collision.cpp(107,55): warning C4244:         [
D:\Users\Himanshu.Cha8420\Documents\GitHub\networkingGame\spaceInvaders\collision.cpp(107,55): warning C4244:             T=int
D:\Users\Himanshu.Cha8420\Documents\GitHub\networkingGame\spaceInvaders\collision.cpp(107,55): warning C4244:         ]
D:\Users\Himanshu.Cha8420\Documents\GitHub\networkingGame\spaceInvaders\collision.cpp(107,42): warning C4244: 'argument': conversion from 'T' to 'float', possible loss of data
D:\Users\Himanshu.Cha8420\Documents\GitHub\networkingGame\spaceInvaders\collision.cpp(107,42): warning C4244:         with
D:\Users\Himanshu.Cha8420\Documents\GitHub\networkingGame\spaceInvaders\collision.cpp(107,42): warning C4244:         [
D:\Users\Himanshu.Cha8420\Documents\GitHub\networkingGame\spaceInvaders\collision.cpp(107,42): warning C4244:             T=int
D:\Users\Himanshu.Cha8420\Documents\GitHub\networkingGame\spaceInvaders\collision.cpp(107,42): warning C4244:         ]
  consoletools.cpp
  inputlinebuffer.cpp
D:\Users\Himanshu.Cha8420\Documents\GitHub\networkingGame\spaceInvaders\collision.cpp(108,47): warning C4244: 'argument': conversion from 'T' to 'float', possible loss of data
D:\Users\Himanshu.Cha8420\Documents\GitHub\networkingGame\spaceInvaders\collision.cpp(108,47): warning C4244:         with
D:\Users\Himanshu.Cha8420\Documents\GitHub\networkingGame\spaceInvaders\collision.cpp(108,47): warning C4244:         [
D:\Users\Himanshu.Cha8420\Documents\GitHub\networkingGame\spaceInvaders\collision.cpp(108,47): warning C4244:             T=int
D:\Users\Himanshu.Cha8420\Documents\GitHub\networkingGame\spaceInvaders\collision.cpp(108,47): warning C4244:         ]
  level.cpp
D:\Users\Himanshu.Cha8420\Documents\GitHub\networkingGame\spaceInvaders\inputlinebuffer.cpp(107,30): warning C4267: '=': conversion from 'size_t' to 'unsigned int', possible loss of data
D:\Users\Himanshu.Cha8420\Documents\GitHub\networkingGame\spaceInvaders\level.cpp(38,25): warning C4244: '=': conversion from 'int' to 'float', possible loss of data
D:\Users\Himanshu.Cha8420\Documents\GitHub\networkingGame\spaceInvaders\level.cpp(39,21): warning C4244: '=': conversion from 'int' to 'float', possible loss of data
  network.cpp
  physics.cpp
  platform.cpp
D:\Users\Himanshu.Cha8420\Documents\GitHub\networkingGame\spaceInvaders\level.cpp(51,22): warning C4244: '=': conversion from 'int' to 'float', possible loss of data
D:\Users\Himanshu.Cha8420\Documents\GitHub\networkingGame\spaceInvaders\platform.cpp(43,18): warning C4244: '-=': conversion from 'double' to 'float', possible loss of data
D:\Users\Himanshu.Cha8420\Documents\GitHub\networkingGame\spaceInvaders\platform.cpp(47,18): warning C4244: '+=': conversion from 'double' to 'float', possible loss of data
D:\Users\Himanshu.Cha8420\Documents\GitHub\networkingGame\spaceInvaders\platform.cpp(52,18): warning C4244: '+=': conversion from 'double' to 'float', possible loss of data
  player.cpp
  server.cpp
  socket.cpp
  Source.cpp
D:\Users\Himanshu.Cha8420\Documents\GitHub\networkingGame\spaceInvaders\platform.cpp(57,18): warning C4244: '-=': conversion from 'double' to 'float', possible loss of data
D:\Users\Himanshu.Cha8420\Documents\GitHub\networkingGame\spaceInvaders\Source.cpp(231,26): warning C4244: '=': conversion from 'int' to 'float', possible loss of data
D:\Users\Himanshu.Cha8420\Documents\GitHub\networkingGame\spaceInvaders\Source.cpp(294,16): warning C4244: '=': conversion from 'int' to 'float', possible loss of data
D:\Users\Himanshu.Cha8420\Documents\GitHub\networkingGame\spaceInvaders\Source.cpp(304,16): warning C4244: '=': conversion from 'int' to 'float', possible loss of data
  sprite.cpp
  Generating Code...
D:\Users\Himanshu.Cha8420\Documents\GitHub\networkingGame\spaceInvaders\Source.cpp(522,6): warning C4102: 'skip': unreferenced label
LINK : fatal error LNK1104: cannot open file 'sfml-graphics.lib'
C:\Program Files (x86)\Microsoft Visual Studio\2019\Professional\MSBuild\Microsoft\VC\v160\Microsoft.CppCommon.targets(810,5): error MSB6006: "link.exe" exited with code 1104.
