c:\users\himch\desktop\spaceinvaders\spaceinvaders\debug\vc142.pdb
c:\users\himch\desktop\spaceinvaders\spaceinvaders\debug\vc142.idb
c:\users\himch\desktop\spaceinvaders\spaceinvaders\debug\sprite.obj
c:\users\himch\desktop\spaceinvaders\spaceinvaders\debug\source.obj
c:\users\himch\desktop\spaceinvaders\spaceinvaders\debug\sceneloader.obj
c:\users\himch\desktop\spaceinvaders\spaceinvaders\debug\player.obj
c:\users\himch\desktop\spaceinvaders\spaceinvaders\debug\platform.obj
c:\users\himch\desktop\spaceinvaders\spaceinvaders\debug\physics.obj
c:\users\himch\desktop\spaceinvaders\spaceinvaders\debug\level.obj
c:\users\himch\desktop\spaceinvaders\spaceinvaders\debug\collision.obj
c:\users\himch\desktop\spaceinvaders\spaceinvaders\debug\baseenemy.obj
c:\users\himch\desktop\spaceinvaders\debug\spaceinvaders.exe
c:\users\himch\desktop\spaceinvaders\debug\spaceinvaders.ilk
c:\users\himch\desktop\spaceinvaders\debug\spaceinvaders.pdb
c:\users\himch\desktop\spaceinvaders\spaceinvaders\debug\spaceinvaders1.res
c:\users\himch\desktop\spaceinvaders\spaceinvaders\debug\spaceinvaders.tlog\cl.command.1.tlog
c:\users\himch\desktop\spaceinvaders\spaceinvaders\debug\spaceinvaders.tlog\cl.read.1.tlog
c:\users\himch\desktop\spaceinvaders\spaceinvaders\debug\spaceinvaders.tlog\cl.write.1.tlog
c:\users\himch\desktop\spaceinvaders\spaceinvaders\debug\spaceinvaders.tlog\link.command.1.tlog
c:\users\himch\desktop\spaceinvaders\spaceinvaders\debug\spaceinvaders.tlog\link.read.1.tlog
c:\users\himch\desktop\spaceinvaders\spaceinvaders\debug\spaceinvaders.tlog\link.write.1.tlog
c:\users\himch\desktop\spaceinvaders\spaceinvaders\debug\spaceinvaders.tlog\rc.command.1.tlog
c:\users\himch\desktop\spaceinvaders\spaceinvaders\debug\spaceinvaders.tlog\rc.read.1.tlog
c:\users\himch\desktop\spaceinvaders\spaceinvaders\debug\spaceinvaders.tlog\rc.write.1.tlog
